# time(ms)  distance  kmc-step
        0.0000       0             1
        0.0010     -59         10001
        0.0020    -152         20001
        0.0030    -271         30001
        0.0040    -381         40001
        0.0050    -491         50001
        0.0060    -614         60001
        0.0070    -719         70001
        0.0080    -836         80001
        0.0090    -930         90001
        0.0100   -1025        100001
        0.0110   -1082        110001
        0.0120   -1157        120001
        0.0130   -1226        130001
        0.0140   -1294        140001
        0.0150   -1361        150001
        0.0160   -1436        160001
        0.0170   -1509        170001
        0.0180   -1537        180001
        0.0190   -1585        190001
        0.0200   -1615        200001
        0.0210   -1681        210001
        0.0220   -1722        220001
        0.0230   -1716        230001
        0.0240   -1749        240001
        0.0250   -1740        250001
        0.0260   -1720        260001
        0.0270   -1726        270001
        0.0280   -1705        280001
        0.0290   -1682        290001
        0.0300   -1651        300001
        0.0310   -1607        310001
        0.0320   -1622        320001
        0.0330   -1576        330001
        0.0340   -1511        340001
        0.0350   -1422        350001
        0.0360   -1348        360001
        0.0370   -1291        370001
        0.0380   -1244        380001
        0.0390   -1171        390001
        0.0400   -1080        400001
        0.0410    -981        410001
        0.0420    -894        420001
        0.0430    -847        430001
        0.0440    -744        440001
        0.0450    -673        450001
        0.0460    -567        460001
        0.0470    -487        470001
        0.0480    -377        480001
        0.0490    -262        490001
        0.0500    -174        500001
        0.0510     -73        510001
        0.0520      17        520001
        0.0530     101        530001
        0.0540     245        540001
        0.0550     362        550001
        0.0560     416        560001
        0.0570     533        570001
        0.0580     625        580001
        0.0590     725        590001
        0.0600     796        600001
        0.0610     860        610001
        0.0620     917        620001
        0.0630     985        630001
        0.0640    1046        640001
        0.0650    1100        650001
        0.0660    1178        660001
        0.0670    1268        670001
        0.0680    1313        680001
        0.0690    1319        690001
        0.0700    1358        700001
        0.0710    1393        710001
        0.0720    1437        720001
        0.0730    1430        730001
        0.0740    1446        740001
        0.0750    1456        750001
        0.0760    1414        760001
        0.0770    1434        770001
        0.0780    1423        780001
        0.0790    1380        790001
        0.0800    1363        800001
        0.0810    1341        810001
        0.0820    1286        820001
        0.0830    1228        830001
        0.0840    1222        840001
        0.0850    1137        850001
        0.0860    1061        860001
        0.0870     989        870001
        0.0880     905        880001
        0.0890     846        890001
        0.0900     753        900001
        0.0910     640        910001
        0.0920     536        920001
        0.0930     411        930001
        0.0940     314        940001
        0.0950     271        950001
        0.0960     173        960001
        0.0970     117        970001
        0.0980       2        980001
        0.0990     -86        990001
        0.1000    -184       1000001
        0.1010    -300       1010001
        0.1020    -405       1020001
        0.1030    -532       1030001
        0.1040    -651       1040001
        0.1050    -756       1050001
        0.1060    -851       1060001
        0.1070    -939       1070001
        0.1080    -964       1080001
        0.1090   -1027       1090001
        0.1100   -1073       1100001
        0.1110   -1144       1110001
        0.1120   -1233       1120001
        0.1130   -1308       1130001
        0.1140   -1401       1140001
        0.1150   -1458       1150001
        0.1160   -1549       1160001
        0.1170   -1574       1170001
        0.1180   -1606       1180001
        0.1190   -1635       1190001
        0.1200   -1689       1200001
        0.1210   -1737       1210001
        0.1220   -1759       1220001
        0.1230   -1793       1230001
        0.1240   -1781       1240001
        0.1250   -1820       1250001
        0.1260   -1810       1260001
        0.1270   -1780       1270001
        0.1280   -1745       1280001
        0.1290   -1678       1290001
        0.1300   -1656       1300001
        0.1310   -1626       1310001
        0.1320   -1578       1320001
        0.1330   -1493       1330001
        0.1340   -1431       1340001
        0.1350   -1361       1350001
        0.1360   -1285       1360001
        0.1370   -1240       1370001
        0.1380   -1166       1380001
        0.1390   -1087       1390001
        0.1400   -1014       1400001
        0.1410    -942       1410001
        0.1420    -852       1420001
        0.1430    -766       1430001
        0.1440    -660       1440001
        0.1450    -545       1450001
        0.1460    -410       1460001
        0.1470    -340       1470001
        0.1480    -276       1480001
        0.1490    -184       1490001
        0.1500     -92       1500001
        0.1510     -34       1510001
        0.1520      78       1520001
        0.1530     186       1530001
        0.1540     312       1540001
        0.1550     378       1550001
        0.1560     448       1560001
        0.1570     548       1570001
        0.1580     627       1580001
        0.1590     730       1590001
        0.1600     822       1600001
        0.1610     939       1610001
        0.1620    1023       1620001
        0.1630    1062       1630001
        0.1640    1157       1640001
        0.1650    1196       1650001
        0.1660    1269       1660001
        0.1670    1331       1670001
        0.1680    1379       1680001
        0.1690    1422       1690001
        0.1700    1480       1700001
        0.1710    1497       1710001
        0.1720    1499       1720001
        0.1730    1515       1730001
        0.1740    1540       1740001
        0.1750    1580       1750001
        0.1760    1569       1760001
        0.1770    1544       1770001
        0.1780    1524       1780001
        0.1790    1555       1790001
        0.1800    1485       1800001
        0.1810    1456       1810001
        0.1820    1372       1820001
        0.1830    1325       1830001
        0.1840    1308       1840001
        0.1850    1245       1850001
        0.1860    1166       1860001
        0.1870    1117       1870001
        0.1880    1065       1880001
        0.1890     980       1890001
        0.1900     854       1900001
        0.1910     765       1910001
        0.1920     676       1920001
        0.1930     567       1930001
        0.1940     458       1940001
        0.1950     387       1950001
        0.1960     304       1960001
        0.1970     167       1970001
        0.1980      79       1980001
        0.1990     -39       1990001
        0.2000    -127       2000001
        0.2010    -249       2010001
        0.2020    -388       2020001
        0.2030    -468       2030001
        0.2040    -603       2040001
        0.2050    -717       2050001
        0.2060    -835       2060001
        0.2070    -932       2070001
        0.2080   -1024       2080001
        0.2090   -1106       2090001
        0.2100   -1184       2100001
        0.2110   -1241       2110001
        0.2120   -1323       2120001
        0.2130   -1385       2130001
        0.2140   -1419       2140001
        0.2150   -1473       2150001
        0.2160   -1535       2160001
        0.2170   -1553       2170001
        0.2180   -1621       2180001
        0.2190   -1690       2190001
        0.2200   -1760       2200001
        0.2210   -1755       2210001
        0.2220   -1765       2220001
        0.2230   -1811       2230001
        0.2240   -1763       2240001
        0.2250   -1790       2250001
        0.2260   -1771       2260001
        0.2270   -1749       2270001
        0.2280   -1746       2280001
        0.2290   -1714       2290001
        0.2300   -1697       2300001
        0.2310   -1635       2310001
        0.2320   -1588       2320001
        0.2330   -1521       2330001
        0.2340   -1441       2340001
        0.2350   -1378       2350001
        0.2360   -1352       2360001
        0.2370   -1277       2370001
        0.2380   -1247       2380001
        0.2390   -1196       2390001
        0.2400   -1117       2400001
        0.2410   -1045       2410001
        0.2420    -974       2420001
        0.2430    -830       2430001
        0.2440    -733       2440001
        0.2450    -619       2450001
        0.2460    -505       2460001
        0.2470    -400       2470001
        0.2480    -291       2480001
        0.2490    -205       2490001
        0.2500    -128       2500001
        0.2510     -21       2510001
        0.2520     107       2520001
        0.2530     223       2530001
        0.2540     325       2540001
        0.2550     430       2550001
        0.2560     545       2560001
        0.2570     602       2570001
        0.2580     710       2580001
        0.2590     812       2590001
        0.2600     891       2600001
        0.2610     987       2610001
        0.2620    1033       2620001
        0.2630    1118       2630001
        0.2640    1140       2640001
        0.2650    1247       2650001
        0.2660    1273       2660001
        0.2670    1368       2670001
        0.2680    1376       2680001
        0.2690    1389       2690001
        0.2700    1411       2700001
        0.2710    1448       2710001
        0.2720    1497       2720001
        0.2730    1518       2730001
        0.2740    1566       2740001
        0.2750    1570       2750001
        0.2760    1620       2760001
        0.2770    1612       2770001
        0.2780    1587       2780001
        0.2790    1526       2790001
        0.2800    1483       2800001
        0.2810    1398       2810001
        0.2820    1410       2820001
        0.2830    1348       2830001
        0.2840    1293       2840001
        0.2850    1233       2850001
        0.2860    1189       2860001
        0.2870    1082       2870001
        0.2880    1027       2880001
        0.2890     946       2890001
        0.2900     857       2900001
        0.2910     803       2910001
        0.2920     696       2920001
        0.2930     601       2930001
        0.2940     544       2940001
        0.2950     434       2950001
        0.2960     360       2960001
        0.2970     267       2970001
        0.2980     158       2980001
        0.2990      57       2990001
        0.3000     -10       3000001
        0.3010    -115       3010001
        0.3020    -204       3020001
        0.3030    -340       3030001
        0.3040    -400       3040001
        0.3050    -531       3050001
        0.3060    -628       3060001
        0.3070    -716       3070001
        0.3080    -825       3080001
        0.3090    -928       3090001
        0.3100   -1054       3100001
        0.3110   -1161       3110001
        0.3120   -1240       3120001
        0.3130   -1275       3130001
        0.3140   -1373       3140001
        0.3150   -1465       3150001
        0.3160   -1509       3160001
        0.3170   -1564       3170001
        0.3180   -1562       3180001
        0.3190   -1595       3190001
        0.3200   -1597       3200001
        0.3210   -1657       3210001
        0.3220   -1678       3220001
        0.3230   -1730       3230001
        0.3240   -1725       3240001
        0.3250   -1738       3250001
        0.3260   -1756       3260001
        0.3270   -1754       3270001
        0.3280   -1760       3280001
        0.3290   -1725       3290001
        0.3300   -1707       3300001
        0.3310   -1671       3310001
        0.3320   -1658       3320001
        0.3330   -1592       3330001
        0.3340   -1545       3340001
        0.3350   -1448       3350001
        0.3360   -1368       3360001
        0.3370   -1283       3370001
        0.3380   -1165       3380001
        0.3390   -1061       3390001
        0.3400    -993       3400001
        0.3410    -894       3410001
        0.3420    -833       3420001
        0.3430    -745       3430001
        0.3440    -655       3440001
        0.3450    -557       3450001
        0.3460    -455       3460001
        0.3470    -384       3470001
        0.3480    -309       3480001
        0.3490    -219       3490001
        0.3500    -134       3500001
        0.3510     -58       3510001
        0.3520      -5       3520001
        0.3530     101       3530001
        0.3540     193       3540001
        0.3550     301       3550001
        0.3560     401       3560001
        0.3570     501       3570001
        0.3580     594       3580001
        0.3590     691       3590001
        0.3600     807       3600001
        0.3610     902       3610001
        0.3620     960       3620001
        0.3630    1038       3630001
        0.3640    1130       3640001
        0.3650    1190       3650001
        0.3660    1243       3660001
        0.3670    1298       3670001
        0.3680    1300       3680001
        0.3690    1351       3690001
        0.3700    1398       3700001
        0.3710    1434       3710001
        0.3720    1484       3720001
        0.3730    1496       3730001
        0.3740    1493       3740001
        0.3750    1470       3750001
        0.3760    1485       3760001
        0.3770    1504       3770001
        0.3780    1511       3780001
        0.3790    1496       3790001
        0.3800    1450       3800001
        0.3810    1473       3810001
        0.3820    1417       3820001
        0.3830    1340       3830001
        0.3840    1332       3840001
        0.3850    1264       3850001
        0.3860    1204       3860001
        0.3870    1118       3870001
        0.3880    1015       3880001
        0.3890     964       3890001
        0.3900     904       3900001
        0.3910     832       3910001
        0.3920     761       3920001
        0.3930     659       3930001
        0.3940     551       3940001
        0.3950     429       3950001
        0.3960     301       3960001
        0.3970     238       3970001
        0.3980     132       3980001
        0.3990      43       3990001
        0.4000     -57       4000001
        0.4010    -168       4010001
        0.4020    -264       4020001
        0.4030    -339       4030001
        0.4040    -455       4040001
        0.4050    -574       4050001
        0.4060    -721       4060001
        0.4070    -802       4070001
        0.4080    -867       4080001
        0.4090    -932       4090001
        0.4100   -1058       4100001
        0.4110   -1127       4110001
        0.4120   -1228       4120001
        0.4130   -1296       4130001
        0.4140   -1399       4140001
        0.4150   -1423       4150001
        0.4160   -1486       4160001
        0.4170   -1545       4170001
        0.4180   -1631       4180001
        0.4190   -1674       4190001
        0.4200   -1711       4200001
        0.4210   -1728       4210001
        0.4220   -1746       4220001
        0.4230   -1751       4230001
        0.4240   -1800       4240001
        0.4250   -1796       4250001
        0.4260   -1796       4260001
        0.4270   -1745       4270001
        0.4280   -1742       4280001
        0.4290   -1694       4290001
        0.4300   -1688       4300001
        0.4310   -1647       4310001
        0.4320   -1584       4320001
        0.4330   -1541       4330001
        0.4340   -1494       4340001
        0.4350   -1448       4350001
        0.4360   -1400       4360001
        0.4370   -1315       4370001
        0.4380   -1284       4380001
        0.4390   -1229       4390001
        0.4400   -1103       4400001
        0.4410   -1008       4410001
        0.4420    -932       4420001
        0.4430    -832       4430001
        0.4440    -750       4440001
        0.4450    -650       4450001
        0.4460    -539       4460001
        0.4470    -434       4470001
        0.4480    -329       4480001
        0.4490    -201       4490001
        0.4500    -102       4500001
        0.4510       9       4510001
        0.4520     116       4520001
        0.4530     248       4530001
        0.4540     386       4540001
        0.4550     497       4550001
        0.4560     639       4560001
        0.4570     763       4570001
        0.4580     853       4580001
        0.4590     929       4590001
        0.4600    1051       4600001
        0.4610    1103       4610001
        0.4620    1176       4620001
        0.4630    1230       4630001
        0.4640    1292       4640001
        0.4650    1342       4650001
        0.4660    1365       4660001
        0.4670    1380       4670001
        0.4680    1441       4680001
        0.4690    1486       4690001
        0.4700    1537       4700001
        0.4710    1555       4710001
        0.4720    1496       4720001
        0.4730    1518       4730001
        0.4740    1530       4740001
        0.4750    1550       4750001
        0.4760    1542       4760001
        0.4770    1535       4770001
        0.4780    1557       4780001
        0.4790    1542       4790001
        0.4800    1557       4800001
        0.4810    1531       4810001
        0.4820    1513       4820001
        0.4830    1452       4830001
        0.4840    1399       4840001
        0.4850    1324       4850001
        0.4860    1252       4860001
        0.4870    1226       4870001
        0.4880    1149       4880001
        0.4890    1064       4890001
        0.4900     981       4900001
        0.4910     907       4910001
        0.4920     823       4920001
        0.4930     748       4930001
        0.4940     652       4940001
        0.4950     562       4950001
        0.4960     462       4960001
        0.4970     344       4970001
        0.4980     224       4980001
        0.4990     109       4990001
